[2025-05-21T17:23:11.950Z] INFO: POST /api/v1/auth/login - ::1
[2025-05-21T17:23:12.075Z] INFO: GET /api/v1/user/me - ::1
[2025-05-21T17:23:12.080Z] INFO: GET /api/v1/parking - ::1
[2025-05-21T17:23:14.723Z] INFO: GET /api/v1/parking - ::1
[2025-05-21T17:23:22.853Z] INFO: GET /api/v1/parking - ::1
[2025-05-21T17:23:23.594Z] INFO: GET /api/v1/parking - ::1
[2025-05-21T17:23:24.147Z] INFO: GET /api/v1/car-action/cars-inside - ::1
[2025-05-21T17:23:25.619Z] INFO: GET /api/v1/parking - ::1
[2025-05-21T17:23:26.710Z] INFO: GET /api/v1/parking - ::1
[2025-05-21T17:24:01.254Z] INFO: POST /api/v1/parking - ::1
[2025-05-21T17:24:01.280Z] INFO: GET /api/v1/parking - ::1
[2025-05-21T17:24:07.363Z] INFO: GET /api/v1/parking - ::1
[2025-05-21T17:24:24.775Z] INFO: GET /api/v1/parking - ::1
[2025-05-21T17:24:27.803Z] INFO: GET /api/v1/parking - ::1
[2025-05-21T17:24:34.719Z] INFO: POST /api/v1/car-action/entry - ::1
[2025-05-21T17:24:38.563Z] INFO: GET /api/v1/car-action/cars-inside - ::1
[2025-05-21T17:24:45.134Z] INFO: PUT /api/v1/car-action/exit/RDD900R - ::1
[2025-05-21T17:24:48.642Z] INFO: GET /api/v1/tickets/RDD900R.pdf - ::1
[2025-05-21T17:24:49.404Z] INFO: GET /favicon.ico - ::1
[2025-05-21T17:24:54.801Z] INFO: GET /api/v1/user/me - ::1
[2025-05-21T17:24:54.803Z] INFO: GET /api/v1/car-action/cars-inside - ::1
[2025-05-21T17:24:55.812Z] INFO: GET /api/v1/parking - ::1
[2025-05-21T17:25:02.462Z] INFO: GET /api/v1/reports/entered?start=2025-04-30T22:00:00.000Z&end=2025-05-31T22:00:00.000Z - ::1
[2025-05-21T17:25:10.009Z] INFO: GET /api/v1/car-action/cars-inside - ::1
[2025-05-21T17:25:14.721Z] INFO: GET /api/v1/reports/outgoing?start=2025-04-30T22:00:00.000Z&end=2025-05-31T22:00:00.000Z - ::1
[2025-05-21T17:25:38.010Z] INFO: POST /api/v1/auth/login - ::1
[2025-05-21T17:25:38.093Z] INFO: GET /api/v1/user/me - ::1
[2025-05-21T17:25:38.105Z] INFO: GET /api/v1/parking - ::1
[2025-05-21T17:26:28.669Z] INFO: GET /api/v1/user/me - ::1
[2025-05-21T17:26:28.670Z] INFO: GET /api/v1/parking - ::1
[2025-05-21T17:27:04.162Z] INFO: GET /api/v1/user/me - ::1
[2025-05-21T17:27:04.163Z] INFO: GET /api/v1/parking - ::1
[2025-05-21T17:27:27.785Z] INFO: GET /api/v1/user/me - ::1
[2025-05-21T17:27:27.787Z] INFO: GET /api/v1/parking - ::1
[2025-05-21T17:27:30.397Z] INFO: GET /api/v1/user/me - ::1
[2025-05-21T17:27:30.402Z] INFO: GET /api/v1/parking - ::1
[2025-05-21T17:27:31.898Z] INFO: GET /api/v1/user/me - ::1
[2025-05-21T17:27:31.902Z] INFO: GET /api/v1/parking - ::1
[2025-05-21T17:28:22.025Z] INFO: GET /api/v1/user/me - ::1
[2025-05-21T17:28:22.028Z] INFO: GET /api/v1/parking - ::1
[2025-05-21T17:41:11.457Z] INFO: POST /api/v1/auth/login - ::1
[2025-05-21T17:41:11.581Z] INFO: GET /api/v1/user/me - ::1
[2025-05-21T17:41:11.583Z] INFO: GET /api/v1/parking - ::1
[2025-05-21T17:41:14.051Z] INFO: GET /api/v1/parking - ::1
[2025-05-21T17:41:15.187Z] INFO: GET /api/v1/car-action/cars-inside - ::1
[2025-05-21T17:41:15.799Z] INFO: GET /api/v1/parking - ::1
[2025-05-21T17:41:16.373Z] INFO: GET /api/v1/parking - ::1
[2025-05-21T17:44:03.267Z] INFO: GET /api/v1/user/me - ::1
[2025-05-21T17:44:03.269Z] INFO: GET /api/v1/parking - ::1
[2025-05-21T17:44:04.202Z] INFO: GET /api/v1/parking - ::1
[2025-05-21T17:44:33.041Z] INFO: GET /api/v1/reports/entered?start=2025-04-30T22:00:00.000Z&end=2025-05-31T22:00:00.000Z - ::1
[2025-05-21T17:45:14.760Z] INFO: GET /api/v1/car-action/cars-inside - ::1
[2025-05-21T17:45:25.365Z] INFO: GET /api/v1/reports/outgoing?start=2025-04-30T22:00:00.000Z&end=2025-05-31T22:00:00.000Z - ::1
[2025-05-21T17:45:49.390Z] INFO: POST /api/v1/auth/login - ::1
[2025-05-21T17:45:49.491Z] INFO: GET /api/v1/user/me - ::1
[2025-05-21T17:45:49.493Z] INFO: GET /api/v1/parking - ::1
[2025-05-21T17:46:09.305Z] INFO: GET /api/v1/user/me - ::1
[2025-05-21T17:46:09.308Z] INFO: GET /api/v1/parking - ::1
[2025-05-21T17:48:24.104Z] INFO: GET /api/v1/user/me - ::1
[2025-05-21T17:48:24.109Z] INFO: GET /api/v1/parking - ::1
[2025-05-21T17:49:11.979Z] INFO: GET /api/v1/user/me - ::1
[2025-05-21T17:49:11.982Z] INFO: GET /api/v1/parking - ::1
[2025-05-21T17:49:13.912Z] INFO: GET /api/v1/user/me - ::1
[2025-05-21T17:49:13.915Z] INFO: GET /api/v1/parking - ::1
[2025-05-21T17:49:23.397Z] INFO: GET /api/v1/user/me - ::1
[2025-05-21T17:49:23.400Z] INFO: GET /api/v1/parking - ::1
